<?xml version="1.0" encoding="UTF-8"?>
<coverage generated="1548301012227" clover="3.2.0">
  <project timestamp="1548301012227" name="All files">
    <metrics statements="24" coveredstatements="24" conditionals="6" coveredconditionals="6" methods="12" coveredmethods="12" elements="42" coveredelements="42" complexity="0" loc="24" ncloc="24" packages="2" files="2" classes="2">
      <package name="src">
        <metrics statements="20" coveredstatements="20" conditionals="6" coveredconditionals="6" methods="12" coveredmethods="12"/>
        <file name="utils.js" path="/Users/itpuser/Apps/react/ippo-server/src/utils.js">
          <metrics statements="20" coveredstatements="20" conditionals="6" coveredconditionals="6" methods="12" coveredmethods="12"/>
          <line num="1" count="1" type="stmt"/>
          <line num="2" count="1" type="stmt"/>
          <line num="4" count="1" type="stmt"/>
          <line num="5" count="1" type="stmt"/>
          <line num="6" count="5" type="stmt"/>
          <line num="11" count="1" type="stmt"/>
          <line num="12" count="1" type="stmt"/>
          <line num="13" count="3" type="stmt"/>
          <line num="18" count="1" type="stmt"/>
          <line num="19" count="2" type="stmt"/>
          <line num="20" count="6" type="cond" truecount="2" falsecount="0"/>
          <line num="23" count="2" type="stmt"/>
          <line num="25" count="2" type="stmt"/>
          <line num="27" count="1" type="stmt"/>
          <line num="28" count="8" type="stmt"/>
          <line num="29" count="11" type="cond" truecount="2" falsecount="0"/>
          <line num="32" count="1" type="stmt"/>
          <line num="33" count="2" type="cond" truecount="2" falsecount="0"/>
          <line num="34" count="1" type="stmt"/>
          <line num="46" count="1" type="stmt"/>
        </file>
      </package>
      <package name="src.constants">
        <metrics statements="4" coveredstatements="4" conditionals="0" coveredconditionals="0" methods="0" coveredmethods="0"/>
        <file name="tweet.js" path="/Users/itpuser/Apps/react/ippo-server/src/constants/tweet.js">
          <metrics statements="4" coveredstatements="4" conditionals="0" coveredconditionals="0" methods="0" coveredmethods="0"/>
          <line num="1" count="1" type="stmt"/>
          <line num="2" count="1" type="stmt"/>
          <line num="3" count="1" type="stmt"/>
          <line num="5" count="1" type="stmt"/>
        </file>
      </package>
    </metrics>
  </project>
</coverage>
