{"/Users/itpuser/Apps/react/ippo-server/src/utils.js": {"path":"/Users/itpuser/Apps/react/ippo-server/src/utils.js","statementMap":{"0":{"start":{"line":1,"column":14},"end":{"line":1,"column":30}},"1":{"start":{"line":2,"column":14},"end":{"line":2,"column":42}},"2":{"start":{"line":4,"column":23},"end":{"line":9,"column":3}},"3":{"start":{"line":5,"column":2},"end":{"line":9,"column":3}},"4":{"start":{"line":6,"column":4},"end":{"line":8,"column":25}},"5":{"start":{"line":11,"column":30},"end":{"line":16,"column":3}},"6":{"start":{"line":12,"column":2},"end":{"line":16,"column":3}},"7":{"start":{"line":13,"column":4},"end":{"line":15,"column":23}},"8":{"start":{"line":18,"column":19},"end":{"line":21,"column":13}},"9":{"start":{"line":19,"column":2},"end":{"line":21,"column":13}},"10":{"start":{"line":20,"column":22},"end":{"line":20,"column":67}},"11":{"start":{"line":23,"column":18},"end":{"line":23,"column":56}},"12":{"start":{"line":23,"column":26},"end":{"line":23,"column":56}},"13":{"start":{"line":25,"column":19},"end":{"line":25,"column":58}},"14":{"start":{"line":25,"column":27},"end":{"line":25,"column":58}},"15":{"start":{"line":27,"column":22},"end":{"line":30,"column":1}},"16":{"start":{"line":28,"column":17},"end":{"line":28,"column":42}},"17":{"start":{"line":29,"column":2},"end":{"line":29,"column":63}},"18":{"start":{"line":29,"column":34},"end":{"line":29,"column":56}},"19":{"start":{"line":32,"column":29},"end":{"line":44,"column":8}},"20":{"start":{"line":33,"column":2},"end":{"line":44,"column":8}},"21":{"start":{"line":34,"column":27},"end":{"line":43,"column":7}},"22":{"start":{"line":46,"column":0},"end":{"line":54,"column":2}}},"fnMap":{"0":{"name":"(anonymous_0)","decl":{"start":{"line":4,"column":23},"end":{"line":4,"column":24}},"loc":{"start":{"line":5,"column":2},"end":{"line":9,"column":3}},"line":5},"1":{"name":"(anonymous_1)","decl":{"start":{"line":5,"column":23},"end":{"line":5,"column":24}},"loc":{"start":{"line":6,"column":4},"end":{"line":8,"column":25}},"line":6},"2":{"name":"(anonymous_2)","decl":{"start":{"line":11,"column":30},"end":{"line":11,"column":31}},"loc":{"start":{"line":12,"column":2},"end":{"line":16,"column":3}},"line":12},"3":{"name":"(anonymous_3)","decl":{"start":{"line":12,"column":23},"end":{"line":12,"column":24}},"loc":{"start":{"line":13,"column":4},"end":{"line":15,"column":23}},"line":13},"4":{"name":"(anonymous_4)","decl":{"start":{"line":18,"column":19},"end":{"line":18,"column":20}},"loc":{"start":{"line":19,"column":2},"end":{"line":21,"column":13}},"line":19},"5":{"name":"(anonymous_5)","decl":{"start":{"line":20,"column":9},"end":{"line":20,"column":10}},"loc":{"start":{"line":20,"column":22},"end":{"line":20,"column":67}},"line":20},"6":{"name":"(anonymous_6)","decl":{"start":{"line":23,"column":18},"end":{"line":23,"column":19}},"loc":{"start":{"line":23,"column":26},"end":{"line":23,"column":56}},"line":23},"7":{"name":"(anonymous_7)","decl":{"start":{"line":25,"column":19},"end":{"line":25,"column":20}},"loc":{"start":{"line":25,"column":27},"end":{"line":25,"column":58}},"line":25},"8":{"name":"(anonymous_8)","decl":{"start":{"line":27,"column":22},"end":{"line":27,"column":23}},"loc":{"start":{"line":27,"column":30},"end":{"line":30,"column":1}},"line":27},"9":{"name":"(anonymous_9)","decl":{"start":{"line":29,"column":29},"end":{"line":29,"column":30}},"loc":{"start":{"line":29,"column":34},"end":{"line":29,"column":56}},"line":29},"10":{"name":"(anonymous_10)","decl":{"start":{"line":32,"column":29},"end":{"line":32,"column":30}},"loc":{"start":{"line":33,"column":2},"end":{"line":44,"column":8}},"line":33},"11":{"name":"(anonymous_11)","decl":{"start":{"line":34,"column":17},"end":{"line":34,"column":18}},"loc":{"start":{"line":34,"column":27},"end":{"line":43,"column":7}},"line":34}},"branchMap":{"0":{"loc":{"start":{"line":20,"column":22},"end":{"line":20,"column":67}},"type":"cond-expr","locations":[{"start":{"line":20,"column":32},"end":{"line":20,"column":35}},{"start":{"line":20,"column":38},"end":{"line":20,"column":67}}],"line":20},"1":{"loc":{"start":{"line":29,"column":9},"end":{"line":29,"column":62}},"type":"cond-expr","locations":[{"start":{"line":29,"column":18},"end":{"line":29,"column":57}},{"start":{"line":29,"column":60},"end":{"line":29,"column":62}}],"line":29},"2":{"loc":{"start":{"line":33,"column":2},"end":{"line":44,"column":8}},"type":"cond-expr","locations":[{"start":{"line":34,"column":6},"end":{"line":43,"column":9}},{"start":{"line":44,"column":6},"end":{"line":44,"column":8}}],"line":33}},"s":{"0":1,"1":1,"2":1,"3":1,"4":5,"5":1,"6":1,"7":3,"8":1,"9":2,"10":6,"11":1,"12":2,"13":1,"14":2,"15":1,"16":8,"17":8,"18":11,"19":1,"20":2,"21":1,"22":1},"f":{"0":1,"1":5,"2":1,"3":3,"4":2,"5":6,"6":2,"7":2,"8":8,"9":11,"10":2,"11":1},"b":{"0":[2,4],"1":[7,1],"2":[1,1]},"_coverageSchema":"332fd63041d2c1bcb487cc26dd0d5f7d97098a6c","hash":"d853d21e1e5066a5b68cc744e93828f0077a3ce0"}
,"/Users/itpuser/Apps/react/ippo-server/src/constants/tweet.js": {"path":"/Users/itpuser/Apps/react/ippo-server/src/constants/tweet.js","statementMap":{"0":{"start":{"line":1,"column":18},"end":{"line":1,"column":25}},"1":{"start":{"line":2,"column":19},"end":{"line":2,"column":29}},"2":{"start":{"line":3,"column":16},"end":{"line":3,"column":31}},"3":{"start":{"line":5,"column":0},"end":{"line":9,"column":2}}},"fnMap":{},"branchMap":{},"s":{"0":1,"1":1,"2":1,"3":1},"f":{},"b":{},"_coverageSchema":"332fd63041d2c1bcb487cc26dd0d5f7d97098a6c","hash":"32cf672990d49a33f30ca373dd9cb691cee71548"}
}
